<?xml version="1.0" encoding="UTF-8"?>
<testng-results ignored="0" total="1" passed="1" failed="0" skipped="0">
  <reporter-output>
  </reporter-output>
  <suite started-at="2025-04-07T09:03:34 IST" name="Default suite" finished-at="2025-04-07T09:03:48 IST" duration-ms="14189">
    <groups>
      <group name="cucumber">
        <method signature="AbstractTestNGCucumberTests.runScenario(io.cucumber.testng.PickleWrapper,io.cucumber.testng.FeatureWrapper)[pri:0, instance:runner.Testrunner@7770f470]" name="runScenario" class="io.cucumber.testng.AbstractTestNGCucumberTests"/>
      </group> <!-- cucumber -->
    </groups>
    <test started-at="2025-04-07T09:03:34 IST" name="Default test" finished-at="2025-04-07T09:03:48 IST" duration-ms="14189">
      <class name="runner.Testrunner">
        <test-method is-config="true" signature="setUpClass(org.testng.ITestContext)[pri:0, instance:runner.Testrunner@7770f470]" started-at="2025-04-07T09:03:34 IST" name="setUpClass" finished-at="2025-04-07T09:03:35 IST" duration-ms="751" status="PASS">
          <params>
            <param index="0">
              <value>
                <![CDATA[org.testng.TestRunner@57f847af]]>
              </value>
            </param>
          </params>
          <reporter-output>
          </reporter-output>
        </test-method> <!-- setUpClass -->
        <test-method signature="runScenario(io.cucumber.testng.PickleWrapper,io.cucumber.testng.FeatureWrapper)[pri:0, instance:runner.Testrunner@7770f470]" started-at="2025-04-07T09:03:35 IST" name="runScenario" description="Runs Cucumber Scenarios" data-provider="scenarios" finished-at="2025-04-07T09:03:48 IST" duration-ms="12930" status="PASS">
          <params>
            <param index="0">
              <value>
                <![CDATA["Verify full flow from user registration to placing an order"]]>
              </value>
            </param>
            <param index="1">
              <value>
                <![CDATA["Complete End-to-End QKart Flow"]]>
              </value>
            </param>
          </params>
          <reporter-output>
          </reporter-output>
        </test-method> <!-- runScenario -->
        <test-method is-config="true" signature="tearDownClass()[pri:0, instance:runner.Testrunner@7770f470]" started-at="2025-04-07T09:03:48 IST" name="tearDownClass" finished-at="2025-04-07T09:03:48 IST" duration-ms="455" status="PASS">
          <reporter-output>
          </reporter-output>
        </test-method> <!-- tearDownClass -->
      </class> <!-- runner.Testrunner -->
    </test> <!-- Default test -->
  </suite> <!-- Default suite -->
</testng-results>
